Started GET "/" for 127.0.0.1 at 2017-07-14 11:39:37 +0800
Processing by Rails::WelcomeController#index as HTML
  Rendering /Users/fanink/.rvm/gems/ruby-2.3.3@test/gems/railties-5.1.2/lib/rails/templates/rails/welcome/index.html.erb
  Rendered /Users/fanink/.rvm/gems/ruby-2.3.3@test/gems/railties-5.1.2/lib/rails/templates/rails/welcome/index.html.erb (3.7ms)
Completed 200 OK in 121ms (Views: 10.6ms)


Started GET "/" for 127.0.0.1 at 2017-07-14 14:16:39 +0800
Processing by Rails::WelcomeController#index as HTML
  Rendering /Users/fanink/.rvm/gems/ruby-2.3.3@test/gems/railties-5.1.2/lib/rails/templates/rails/welcome/index.html.erb
  Rendered /Users/fanink/.rvm/gems/ruby-2.3.3@test/gems/railties-5.1.2/lib/rails/templates/rails/welcome/index.html.erb (3.4ms)
Completed 200 OK in 155ms (Views: 7.7ms)


Started GET "/test_vues" for 127.0.0.1 at 2017-07-14 14:16:48 +0800
  
ActionController::RoutingError (uninitialized constant TestVuesController):
  
activesupport (5.1.2) lib/active_support/inflector/methods.rb:269:in `const_get'
activesupport (5.1.2) lib/active_support/inflector/methods.rb:269:in `block in constantize'
activesupport (5.1.2) lib/active_support/inflector/methods.rb:267:in `each'
activesupport (5.1.2) lib/active_support/inflector/methods.rb:267:in `inject'
activesupport (5.1.2) lib/active_support/inflector/methods.rb:267:in `constantize'
actionpack (5.1.2) lib/action_dispatch/http/request.rb:82:in `controller_class'
actionpack (5.1.2) lib/action_dispatch/routing/route_set.rb:43:in `controller'
actionpack (5.1.2) lib/action_dispatch/routing/route_set.rb:29:in `serve'
actionpack (5.1.2) lib/action_dispatch/journey/router.rb:46:in `block in serve'
actionpack (5.1.2) lib/action_dispatch/journey/router.rb:33:in `each'
actionpack (5.1.2) lib/action_dispatch/journey/router.rb:33:in `serve'
actionpack (5.1.2) lib/action_dispatch/routing/route_set.rb:832:in `call'
rack (2.0.3) lib/rack/etag.rb:25:in `call'
rack (2.0.3) lib/rack/conditional_get.rb:25:in `call'
rack (2.0.3) lib/rack/head.rb:12:in `call'
rack (2.0.3) lib/rack/session/abstract/id.rb:232:in `context'
rack (2.0.3) lib/rack/session/abstract/id.rb:226:in `call'
actionpack (5.1.2) lib/action_dispatch/middleware/cookies.rb:613:in `call'
activerecord (5.1.2) lib/active_record/migration.rb:556:in `call'
actionpack (5.1.2) lib/action_dispatch/middleware/callbacks.rb:26:in `block in call'
activesupport (5.1.2) lib/active_support/callbacks.rb:97:in `run_callbacks'
actionpack (5.1.2) lib/action_dispatch/middleware/callbacks.rb:24:in `call'
actionpack (5.1.2) lib/action_dispatch/middleware/executor.rb:12:in `call'
actionpack (5.1.2) lib/action_dispatch/middleware/debug_exceptions.rb:59:in `call'
web-console (3.5.1) lib/web_console/middleware.rb:135:in `call_app'
web-console (3.5.1) lib/web_console/middleware.rb:28:in `block in call'
web-console (3.5.1) lib/web_console/middleware.rb:18:in `catch'
web-console (3.5.1) lib/web_console/middleware.rb:18:in `call'
actionpack (5.1.2) lib/action_dispatch/middleware/show_exceptions.rb:31:in `call'
railties (5.1.2) lib/rails/rack/logger.rb:36:in `call_app'
railties (5.1.2) lib/rails/rack/logger.rb:24:in `block in call'
activesupport (5.1.2) lib/active_support/tagged_logging.rb:69:in `block in tagged'
activesupport (5.1.2) lib/active_support/tagged_logging.rb:26:in `tagged'
activesupport (5.1.2) lib/active_support/tagged_logging.rb:69:in `tagged'
railties (5.1.2) lib/rails/rack/logger.rb:24:in `call'
sprockets-rails (3.2.0) lib/sprockets/rails/quiet_assets.rb:13:in `call'
actionpack (5.1.2) lib/action_dispatch/middleware/remote_ip.rb:79:in `call'
actionpack (5.1.2) lib/action_dispatch/middleware/request_id.rb:25:in `call'
rack (2.0.3) lib/rack/method_override.rb:22:in `call'
rack (2.0.3) lib/rack/runtime.rb:22:in `call'
activesupport (5.1.2) lib/active_support/cache/strategy/local_cache_middleware.rb:27:in `call'
actionpack (5.1.2) lib/action_dispatch/middleware/executor.rb:12:in `call'
actionpack (5.1.2) lib/action_dispatch/middleware/static.rb:125:in `call'
rack (2.0.3) lib/rack/sendfile.rb:111:in `call'
railties (5.1.2) lib/rails/engine.rb:522:in `call'
puma (3.9.1) lib/puma/configuration.rb:224:in `call'
puma (3.9.1) lib/puma/server.rb:602:in `handle_request'
puma (3.9.1) lib/puma/server.rb:435:in `process_client'
puma (3.9.1) lib/puma/server.rb:299:in `block in run'
puma (3.9.1) lib/puma/thread_pool.rb:120:in `block in spawn_thread'
Started GET "/test_vue" for 127.0.0.1 at 2017-07-14 14:17:01 +0800
Processing by TestVueController#index as HTML
  Rendering test_vue/index.html.erb within layouts/application
  Rendered test_vue/index.html.erb within layouts/application (0.3ms)
Completed 200 OK in 3526ms (Views: 3525.0ms)


Started GET "/test_vue" for 127.0.0.1 at 2017-07-14 14:18:16 +0800
Processing by TestVueController#index as HTML
  Rendering test_vue/index.html.erb within layouts/application
  Rendered test_vue/index.html.erb within layouts/application (0.3ms)
Completed 200 OK in 38ms (Views: 36.2ms)


Started GET "/test_vue" for 127.0.0.1 at 2017-07-14 14:18:49 +0800
Processing by TestVueController#index as HTML
  Rendering test_vue/index.html.erb within layouts/application
  Rendered test_vue/index.html.erb within layouts/application (0.4ms)
Completed 200 OK in 37ms (Views: 36.3ms)


Started GET "/test_vue" for 127.0.0.1 at 2017-07-14 14:19:08 +0800
Processing by TestVueController#index as HTML
  Rendering test_vue/index.html.erb within layouts/application
  Rendered test_vue/index.html.erb within layouts/application (0.4ms)
Completed 200 OK in 32ms (Views: 30.1ms)


